<?xml version="1.0" encoding="UTF-8"?>
<!-- Generated by org.testng.reporters.JUnitReportReporter -->
<testsuite hostname="LAPTOP-BC0A4H3E" failures="0" tests="1" name="com.basepackage.LoginTest" time="8.865" errors="0" timestamp="2022-07-18T01:07:46 IST" skipped="0">
  <testcase classname="com.basepackage.LoginTest" name="loginTest" time="8.865"/>
  <system-out/>
</testsuite> <!-- com.basepackage.LoginTest -->
