<?xml version="1.0" encoding="UTF-8"?>
<!-- Generated by org.testng.reporters.JUnitReportReporter -->
<testsuite hostname="LAPTOP-BC0A4H3E" failures="0" tests="1" name="com.login.testscenarios.LoginTest" time="14.808" errors="0" timestamp="2022-07-20T23:27:36 IST" skipped="0">
  <testcase classname="com.login.testscenarios.LoginTest" name="loginTest" time="14.808"/>
  <system-out/>
</testsuite> <!-- com.login.testscenarios.LoginTest -->
